[2023-05-15T04:08:58.968+0530] {taskinstance.py:1125} INFO - Dependencies all met for dep_context=non-requeueable deps ti=<TaskInstance: Lead_scoring_mlflow_production.encoding_categorical_variables manual__2023-05-14T22:38:40.220492+00:00 [queued]>
[2023-05-15T04:08:58.972+0530] {taskinstance.py:1125} INFO - Dependencies all met for dep_context=requeueable deps ti=<TaskInstance: Lead_scoring_mlflow_production.encoding_categorical_variables manual__2023-05-14T22:38:40.220492+00:00 [queued]>
[2023-05-15T04:08:58.973+0530] {taskinstance.py:1331} INFO - Starting attempt 1 of 2
[2023-05-15T04:08:59.109+0530] {taskinstance.py:1350} INFO - Executing <Task(PythonOperator): encoding_categorical_variables> on 2023-05-14 22:38:40.220492+00:00
[2023-05-15T04:08:59.116+0530] {standard_task_runner.py:57} INFO - Started process 18088 to run task
[2023-05-15T04:08:59.119+0530] {standard_task_runner.py:84} INFO - Running: ['airflow', 'tasks', 'run', 'Lead_scoring_mlflow_production', 'encoding_categorical_variables', 'manual__2023-05-14T22:38:40.220492+00:00', '--job-id', '18', '--raw', '--subdir', 'DAGS_FOLDER/Lead_scoring_training_pipeline/lead_scoring_training_pipeline.py', '--cfg-path', '/tmp/tmpl0rqbefc']
[2023-05-15T04:08:59.120+0530] {standard_task_runner.py:85} INFO - Job 18: Subtask encoding_categorical_variables
[2023-05-15T04:08:59.218+0530] {task_command.py:410} INFO - Running <TaskInstance: Lead_scoring_mlflow_production.encoding_categorical_variables manual__2023-05-14T22:38:40.220492+00:00 [running]> on host Agni
[2023-05-15T04:08:59.388+0530] {taskinstance.py:1568} INFO - Exporting env vars: AIRFLOW_CTX_DAG_OWNER='airflow' AIRFLOW_CTX_DAG_ID='Lead_scoring_mlflow_production' AIRFLOW_CTX_TASK_ID='encoding_categorical_variables' AIRFLOW_CTX_EXECUTION_DATE='2023-05-14T22:38:40.220492+00:00' AIRFLOW_CTX_TRY_NUMBER='1' AIRFLOW_CTX_DAG_RUN_ID='manual__2023-05-14T22:38:40.220492+00:00'
[2023-05-15T04:08:59.389+0530] {logging_mixin.py:149} INFO - 2.6.0
[2023-05-15T04:08:59.390+0530] {taskinstance.py:1847} ERROR - Task failed with exception
Traceback (most recent call last):
  File "/home/feuer/.local/lib/python3.10/site-packages/pandas/io/sql.py", line 2018, in execute
    cur.execute(*args, **kwargs)
sqlite3.OperationalError: no such table: model_input

The above exception was the direct cause of the following exception:

Traceback (most recent call last):
  File "/home/feuer/.local/lib/python3.10/site-packages/airflow/operators/python.py", line 181, in execute
    return_value = self.execute_callable()
  File "/home/feuer/.local/lib/python3.10/site-packages/airflow/operators/python.py", line 198, in execute_callable
    return self.python_callable(*self.op_args, **self.op_kwargs)
  File "/run/media/feuer/LinuxDrive/ChromeDownloads/Assignment/airflow/dags/Lead_scoring_training_pipeline/utils.py", line 73, in encode_features
    df = pd.read_sql_query("SELECT * FROM model_input", conn)
  File "/home/feuer/.local/lib/python3.10/site-packages/pandas/io/sql.py", line 397, in read_sql_query
    return pandas_sql.read_query(
  File "/home/feuer/.local/lib/python3.10/site-packages/pandas/io/sql.py", line 2078, in read_query
    cursor = self.execute(*args)
  File "/home/feuer/.local/lib/python3.10/site-packages/pandas/io/sql.py", line 2030, in execute
    raise ex from exc
pandas.errors.DatabaseError: Execution failed on sql 'SELECT * FROM model_input': no such table: model_input
[2023-05-15T04:08:59.396+0530] {taskinstance.py:1368} INFO - Marking task as UP_FOR_RETRY. dag_id=Lead_scoring_mlflow_production, task_id=encoding_categorical_variables, execution_date=20230514T223840, start_date=20230514T223858, end_date=20230514T223859
[2023-05-15T04:08:59.488+0530] {standard_task_runner.py:104} ERROR - Failed to execute job 18 for task encoding_categorical_variables (Execution failed on sql 'SELECT * FROM model_input': no such table: model_input; 18088)
[2023-05-15T04:08:59.531+0530] {local_task_job_runner.py:232} INFO - Task exited with return code 1
[2023-05-15T04:08:59.552+0530] {taskinstance.py:2674} INFO - 0 downstream tasks scheduled from follow-on schedule check
